<?xml version="1.0" encoding="UTF-8"?>
<!-- Generated by org.testng.reporters.JUnitXMLReporter -->
<testsuite ignored="0" hostname="Pranav" failures="0" tests="5" name="Test" time="20.031" errors="0" timestamp="2024-07-26T16:11:03 IST">
  <testcase classname="com.groupExecutionClasses.AlluArjun" name="launchingWikipediaES1" time="5.068"/>
  <testcase classname="com.groupExecutionClasses.VickyKaushal" name="ExecutionScript4" time="3.648"/>
  <testcase classname="com.groupExecutionClasses.MaheshBabu" name="ExecutionScript2" time="3.088"/>
  <testcase classname="com.groupExecutionClasses.Yash" name="ExecutionScript5" time="4.432"/>
  <testcase classname="com.groupExecutionClasses.Vijay" name="ExecutionScript3" time="3.731"/>
</testsuite> <!-- Test -->
