<?xml version="1.0" encoding="UTF-8"?>
<testng-results ignored="0" total="5" passed="5" failed="0" skipped="0">
  <reporter-output>
    <line>
      <![CDATA[ExecutionScript1]]>
    </line>
    <line>
      <![CDATA[ExecutionScript4]]>
    </line>
    <line>
      <![CDATA[ExecutionScript2]]>
    </line>
    <line>
      <![CDATA[ExecutionScript5]]>
    </line>
    <line>
      <![CDATA[ExecutionScript3]]>
    </line>
  </reporter-output>
  <suite started-at="2024-07-26T16:10:43 IST" name="Suite" finished-at="2024-07-26T16:11:03 IST" duration-ms="20031">
    <groups>
      <group name="Pan India">
        <method signature="AlluArjun.launchingWikipediaES1()[pri:0, instance:com.groupExecutionClasses.AlluArjun@4145bad8]" name="launchingWikipediaES1" class="com.groupExecutionClasses.AlluArjun"/>
        <method signature="Vijay.ExecutionScript3()[pri:0, instance:com.groupExecutionClasses.Vijay@53fe15ff]" name="ExecutionScript3" class="com.groupExecutionClasses.Vijay"/>
        <method signature="Yash.ExecutionScript5()[pri:0, instance:com.groupExecutionClasses.Yash@2e8c1c9b]" name="ExecutionScript5" class="com.groupExecutionClasses.Yash"/>
      </group> <!-- Pan India -->
      <group name="TFI">
        <method signature="AlluArjun.launchingWikipediaES1()[pri:0, instance:com.groupExecutionClasses.AlluArjun@4145bad8]" name="launchingWikipediaES1" class="com.groupExecutionClasses.AlluArjun"/>
        <method signature="MaheshBabu.ExecutionScript2()[pri:0, instance:com.groupExecutionClasses.MaheshBabu@76a4ebf2]" name="ExecutionScript2" class="com.groupExecutionClasses.MaheshBabu"/>
        <method signature="Vijay.ExecutionScript3()[pri:0, instance:com.groupExecutionClasses.Vijay@53fe15ff]" name="ExecutionScript3" class="com.groupExecutionClasses.Vijay"/>
      </group> <!-- TFI -->
      <group name="Bollywood">
        <method signature="VickyKaushal.ExecutionScript4()[pri:0, instance:com.groupExecutionClasses.VickyKaushal@6e6f2380]" name="ExecutionScript4" class="com.groupExecutionClasses.VickyKaushal"/>
      </group> <!-- Bollywood -->
      <group name="KFI">
        <method signature="Yash.ExecutionScript5()[pri:0, instance:com.groupExecutionClasses.Yash@2e8c1c9b]" name="ExecutionScript5" class="com.groupExecutionClasses.Yash"/>
      </group> <!-- KFI -->
    </groups>
    <test started-at="2024-07-26T16:10:43 IST" name="Test" finished-at="2024-07-26T16:11:03 IST" duration-ms="20031">
      <class name="com.groupExecutionClasses.Yash">
        <test-method signature="ExecutionScript5()[pri:0, instance:com.groupExecutionClasses.Yash@2e8c1c9b]" started-at="2024-07-26T16:10:54 IST" name="ExecutionScript5" finished-at="2024-07-26T16:10:59 IST" duration-ms="4432" status="PASS">
          <reporter-output>
            <line>
              <![CDATA[ExecutionScript5]]>
            </line>
          </reporter-output>
        </test-method> <!-- ExecutionScript5 -->
      </class> <!-- com.groupExecutionClasses.Yash -->
      <class name="com.groupExecutionClasses.MaheshBabu">
        <test-method signature="ExecutionScript2()[pri:0, instance:com.groupExecutionClasses.MaheshBabu@76a4ebf2]" started-at="2024-07-26T16:10:51 IST" name="ExecutionScript2" finished-at="2024-07-26T16:10:54 IST" duration-ms="3088" status="PASS">
          <reporter-output>
            <line>
              <![CDATA[ExecutionScript2]]>
            </line>
          </reporter-output>
        </test-method> <!-- ExecutionScript2 -->
      </class> <!-- com.groupExecutionClasses.MaheshBabu -->
      <class name="com.groupExecutionClasses.AlluArjun">
        <test-method signature="launchingWikipediaES1()[pri:0, instance:com.groupExecutionClasses.AlluArjun@4145bad8]" started-at="2024-07-26T16:10:43 IST" name="launchingWikipediaES1" finished-at="2024-07-26T16:10:48 IST" duration-ms="5068" status="PASS">
          <reporter-output>
            <line>
              <![CDATA[ExecutionScript1]]>
            </line>
          </reporter-output>
        </test-method> <!-- launchingWikipediaES1 -->
      </class> <!-- com.groupExecutionClasses.AlluArjun -->
      <class name="com.groupExecutionClasses.VickyKaushal">
        <test-method signature="ExecutionScript4()[pri:0, instance:com.groupExecutionClasses.VickyKaushal@6e6f2380]" started-at="2024-07-26T16:10:48 IST" name="ExecutionScript4" finished-at="2024-07-26T16:10:51 IST" duration-ms="3648" status="PASS">
          <reporter-output>
            <line>
              <![CDATA[ExecutionScript4]]>
            </line>
          </reporter-output>
        </test-method> <!-- ExecutionScript4 -->
      </class> <!-- com.groupExecutionClasses.VickyKaushal -->
      <class name="com.groupExecutionClasses.Vijay">
        <test-method signature="ExecutionScript3()[pri:0, instance:com.groupExecutionClasses.Vijay@53fe15ff]" started-at="2024-07-26T16:10:59 IST" name="ExecutionScript3" finished-at="2024-07-26T16:11:03 IST" duration-ms="3731" status="PASS">
          <reporter-output>
            <line>
              <![CDATA[ExecutionScript3]]>
            </line>
          </reporter-output>
        </test-method> <!-- ExecutionScript3 -->
      </class> <!-- com.groupExecutionClasses.Vijay -->
    </test> <!-- Test -->
  </suite> <!-- Suite -->
</testng-results>
